<?xml version="1.0" encoding="UTF-8"?>
<testsuite xmlns:xsi="http://www.w3.org/2001/XMLSchema-instance" xsi:noNamespaceSchemaLocation="https://maven.apache.org/surefire/maven-surefire-plugin/xsd/surefire-test-report-3.0.xsd" version="3.0" name="com.example.TicTacToe.TicTacToeApplicationTests" time="9.223" tests="1" errors="0" skipped="0" failures="0">
  <properties>
[...]
</properties>
  <testcase name="contextLoads" classname="com.example.TicTacToe.TicTacToeApplicationTests" time="0.822">
    <system-out><![CDATA[16:11:17.211 [main] INFO org.springframework.test.context.support.AnnotationConfigContextLoaderUtils -- Could not detect default configuration classes for test class [com.example.TicTacToe.TicTacToeApplicationTests]: TicTacToeApplicationTests does not declare any static, non-private, non-final, nested classes annotated with @Configuration.
16:11:17.446 [main] INFO org.springframework.boot.test.context.SpringBootTestContextBootstrapper -- Found @SpringBootConfiguration com.example.TicTacToe.TicTacToeApplication for test class com.example.TicTacToe.TicTacToeApplicationTests
  .   ____          _            __ _ _
 /\\ / ___'_ __ _ _(_)_ __  __ _ \ \ \ \
( ( )\___ | '_ | '_| | '_ \/ _` | \ \ \ \
 \\/  ___)| |_)| | | | | || (_| |  ) ) ) )
  '  |____| .__|_| |_|_| |_\__, | / / / /
 =========|_|==============|___/=/_/_/_/

 :: Spring Boot ::                (v3.3.0)

2024-06-10T16:11:18.306+06:30  INFO 1232 --- [TicTacToe] [           main] c.e.TicTacToe.TicTacToeApplicationTests  : Starting TicTacToeApplicationTests using Java 21.0.3 with PID 1232 (started by acer in E:\spring boot tester website\TicTacToe\TicTacToe)
2024-06-10T16:11:18.309+06:30  INFO 1232 --- [TicTacToe] [           main] c.e.TicTacToe.TicTacToeApplicationTests  : No active profile set, falling back to 1 default profile: "default"
2024-06-10T16:11:19.629+06:30  INFO 1232 --- [TicTacToe] [           main] .s.d.r.c.RepositoryConfigurationDelegate : Bootstrapping Spring Data JPA repositories in DEFAULT mode.
2024-06-10T16:11:19.735+06:30  INFO 1232 --- [TicTacToe] [           main] .s.d.r.c.RepositoryConfigurationDelegate : Finished Spring Data repository scanning in 91 ms. Found 1 JPA repository interface.
2024-06-10T16:11:20.571+06:30  INFO 1232 --- [TicTacToe] [           main] o.hibernate.jpa.internal.util.LogHelper  : HHH000204: Processing PersistenceUnitInfo [name: default]
2024-06-10T16:11:20.678+06:30  INFO 1232 --- [TicTacToe] [           main] org.hibernate.Version                    : HHH000412: Hibernate ORM core version 6.5.2.Final
2024-06-10T16:11:20.739+06:30  INFO 1232 --- [TicTacToe] [           main] o.h.c.internal.RegionFactoryInitiator    : HHH000026: Second-level cache disabled
2024-06-10T16:11:21.343+06:30  INFO 1232 --- [TicTacToe] [           main] o.s.o.j.p.SpringPersistenceUnitInfo      : No LoadTimeWeaver setup: ignoring JPA class transformer
2024-06-10T16:11:21.410+06:30  INFO 1232 --- [TicTacToe] [           main] com.zaxxer.hikari.HikariDataSource       : HikariPool-1 - Starting...
2024-06-10T16:11:22.080+06:30  INFO 1232 --- [TicTacToe] [           main] com.zaxxer.hikari.pool.HikariPool        : HikariPool-1 - Added connection com.mysql.cj.jdbc.ConnectionImpl@53f495f0
2024-06-10T16:11:22.084+06:30  INFO 1232 --- [TicTacToe] [           main] com.zaxxer.hikari.HikariDataSource       : HikariPool-1 - Start completed.
2024-06-10T16:11:23.611+06:30  INFO 1232 --- [TicTacToe] [           main] o.h.e.t.j.p.i.JtaPlatformInitiator       : HHH000489: No JTA platform available (set 'hibernate.transaction.jta.platform' to enable JTA platform integration)
2024-06-10T16:11:23.672+06:30  INFO 1232 --- [TicTacToe] [           main] j.LocalContainerEntityManagerFactoryBean : Initialized JPA EntityManagerFactory for persistence unit 'default'
2024-06-10T16:11:24.394+06:30  WARN 1232 --- [TicTacToe] [           main] JpaBaseConfiguration$JpaWebConfiguration : spring.jpa.open-in-view is enabled by default. Therefore, database queries may be performed during view rendering. Explicitly configure spring.jpa.open-in-view to disable this warning
2024-06-10T16:11:24.445+06:30  INFO 1232 --- [TicTacToe] [           main] o.s.b.a.w.s.WelcomePageHandlerMapping    : Adding welcome page template: index
2024-06-10T16:11:25.231+06:30  INFO 1232 --- [TicTacToe] [           main] c.e.TicTacToe.TicTacToeApplicationTests  : Started TicTacToeApplicationTests in 7.507 seconds (process running for 9.275)
]]></system-out>
    <system-err><![CDATA[WARNING: A Java agent has been loaded dynamically (C:\Users\acer\.m2\repository\net\bytebuddy\byte-buddy-agent\1.14.16\byte-buddy-agent-1.14.16.jar)
WARNING: If a serviceability tool is in use, please run with -XX:+EnableDynamicAgentLoading to hide this warning
WARNING: If a serviceability tool is not in use, please run with -Djdk.instrument.traceUsage for more information
WARNING: Dynamic loading of agents will be disallowed by default in a future release
]]></system-err>
  </testcase>
</testsuite>